<?xml version="1.0" encoding="UTF-8"?>
<testng-results skipped="0" failed="0" ignored="0" total="2" passed="2">
  <reporter-output>
  </reporter-output>
  <suite name="Suite" duration-ms="1531" started-at="2018-05-17T15:38:19Z" finished-at="2018-05-17T15:38:21Z">
    <groups>
    </groups>
    <test name="Test" duration-ms="1531" started-at="2018-05-17T15:38:19Z" finished-at="2018-05-17T15:38:21Z">
      <class name="apitesting.apiGet.GetApiClassExercise">
        <test-method status="PASS" signature="get()[pri:0, instance:apitesting.apiGet.GetApiClassExercise@643b1d11]" name="get" duration-ms="1498" started-at="2018-05-18T01:38:19Z" finished-at="2018-05-18T01:38:21Z">
          <reporter-output>
          </reporter-output>
        </test-method> <!-- get -->
        <test-method status="PASS" signature="entityTest()[pri:1, instance:apitesting.apiGet.GetApiClassExercise@643b1d11]" name="entityTest" duration-ms="12" started-at="2018-05-18T01:38:21Z" finished-at="2018-05-18T01:38:21Z">
          <reporter-output>
          </reporter-output>
        </test-method> <!-- entityTest -->
      </class> <!-- apitesting.apiGet.GetApiClassExercise -->
    </test> <!-- Test -->
  </suite> <!-- Suite -->
</testng-results>
